0 verbose cli C:\Program Files\nodejs\node.exe C:\Users\VINU -PC\AppData\Roaming\npm\node_modules\npm\bin\npm-cli.js
1 info using npm@9.5.1
2 info using node@v18.14.2
3 timing npm:load:whichnode Completed in 4ms
4 timing config:load:defaults Completed in 5ms
5 timing config:load:file:C:\Users\VINU -PC\AppData\Roaming\npm\node_modules\npm\npmrc Completed in 5ms
6 timing config:load:builtin Completed in 6ms
7 timing config:load:cli Completed in 7ms
8 timing config:load:env Completed in 2ms
9 timing config:load:file:E:\React-JS\myfirstapp\.npmrc Completed in 0ms
10 timing config:load:project Completed in 3ms
11 timing config:load:file:C:\Users\VINU -PC\.npmrc Completed in 0ms
12 timing config:load:user Completed in 1ms
13 timing config:load:file:C:\Users\VINU -PC\AppData\Roaming\npm\etc\npmrc Completed in 1ms
14 timing config:load:global Completed in 1ms
15 timing config:load:setEnvs Completed in 5ms
16 timing config:load Completed in 33ms
17 timing npm:load:configload Completed in 33ms
18 timing npm:load:mkdirpcache Completed in 1ms
19 timing npm:load:mkdirplogs Completed in 1ms
20 verbose title npm start
21 verbose argv "start" "--cache" "clean"
22 timing npm:load:setTitle Completed in 4ms
23 timing config:load:flatten Completed in 9ms
24 timing npm:load:display Completed in 12ms
25 verbose logfile logs-max:10 dir:E:\React-JS\myfirstapp\clean\_logs\2023-09-29T07_59_36_589Z-
26 verbose logfile E:\React-JS\myfirstapp\clean\_logs\2023-09-29T07_59_36_589Z-debug-0.log
27 timing npm:load:logFile Completed in 21ms
28 timing npm:load:timers Completed in 0ms
29 timing npm:load:configScope Completed in 0ms
30 timing npm:load Completed in 79ms
31 silly logfile done cleaning log files
32 http fetch GET 200 https://registry.npmjs.org/npm 2080ms (cache miss)
33 http fetch GET 200 https://registry.npmjs.org/npm 2130ms (cache miss)
